<?xml version="1.0" encoding="UTF-8"?>
<!-- Generated by org.testng.reporters.JUnitXMLReporter -->
<testsuite ignored="0" hostname="DESKTOP-F4NLSDS" failures="0" tests="3" name="Test" time="20.865" errors="0" timestamp="2022-07-27T18:43:55 IST">
  <testcase classname="TestClasses.Verifyusercanlogin" name="verifyusercanlogin" time="6.823"/>
  <testcase classname="TestClasses.Verifyusercanaddaddress" name="verifyusercangotoprofile" time="1.054"/>
  <testcase classname="TestClasses.Verifyusercanaddaddress" name="verifyuserupdateaddress" time="3.131"/>
</testsuite> <!-- Test -->
