<?xml version="1.0" encoding="UTF-8"?>
<!-- Generated by org.testng.reporters.JUnitXMLReporter -->
<testsuite ignored="1" hostname="DESKTOP-F4NLSDS" failures="1" tests="1" name="Test(failed)" time="9.106" errors="0" timestamp="2022-07-23T16:53:37 IST">
  <testcase classname="TestClasses.Verifyusercanaddaddress" name="verifyuserupdateaddress" time="0.015">
    <failure type="java.lang.NullPointerException" message="Cannot invoke &amp;quot;PomClasses.Profilepage.manageaddress()&amp;quot; because &amp;quot;this.pp&amp;quot; is null">
      <![CDATA[java.lang.NullPointerException: Cannot invoke "PomClasses.Profilepage.manageaddress()" because "this.pp" is null
at TestClasses.Verifyusercanaddaddress.verifyuserupdateaddress(Verifyusercanaddaddress.java:47)
at java.base/java.util.ArrayList.forEach(ArrayList.java:1511)
... Removed 27 stack frames]]>
    </failure>
  </testcase> <!-- verifyuserupdateaddress -->
  <testcase classname="TestClasses.Verifyusercanaddaddress" name="verifyusercangotoprofile" time="0.0">
    <ignored/>
  </testcase> <!-- verifyusercangotoprofile -->
</testsuite> <!-- Test(failed) -->
