<?xml version="1.0" encoding="UTF-8"?>
<testng-results ignored="0" total="3" passed="3" failed="0" skipped="0">
  <reporter-output>
  </reporter-output>
  <suite started-at="2022-07-27T18:43:34 IST" name="Suite" finished-at="2022-07-27T18:43:55 IST" duration-ms="20865">
    <groups>
    </groups>
    <test started-at="2022-07-27T18:43:34 IST" name="Test" finished-at="2022-07-27T18:43:55 IST" duration-ms="20865">
      <class name="TestClasses.Verifyusercanaddaddress">
        <test-method is-config="true" signature="beforeclass()[pri:0, instance:TestClasses.Verifyusercanaddaddress@55141def]" started-at="2022-07-27T18:43:50 IST" name="beforeclass" finished-at="2022-07-27T18:43:50 IST" duration-ms="1" status="PASS">
          <reporter-output>
          </reporter-output>
        </test-method> <!-- beforeclass -->
        <test-method is-config="true" signature="beforemethod()[pri:0, instance:TestClasses.Verifyusercanaddaddress@55141def]" started-at="2022-07-27T18:43:50 IST" name="beforemethod" finished-at="2022-07-27T18:43:50 IST" duration-ms="1" status="PASS">
          <reporter-output>
          </reporter-output>
        </test-method> <!-- beforemethod -->
        <test-method signature="verifyusercangotoprofile()[pri:0, instance:TestClasses.Verifyusercanaddaddress@55141def]" started-at="2022-07-27T18:43:50 IST" name="verifyusercangotoprofile" finished-at="2022-07-27T18:43:51 IST" duration-ms="1054" status="PASS">
          <reporter-output>
          </reporter-output>
        </test-method> <!-- verifyusercangotoprofile -->
        <test-method is-config="true" signature="aftermethod(org.testng.ITestResult)[pri:0, instance:TestClasses.Verifyusercanaddaddress@55141def]" started-at="2022-07-27T18:43:51 IST" name="aftermethod" finished-at="2022-07-27T18:43:51 IST" duration-ms="1" status="PASS">
          <params>
            <param index="0">
              <value>
                <![CDATA[[TestResult name=verifyusercangotoprofile status=SUCCESS method=Verifyusercanaddaddress.verifyusercangotoprofile()[pri:0, instance:TestClasses.Verifyusercanaddaddress@55141def] output={null}]]]>
              </value>
            </param>
          </params>
          <reporter-output>
          </reporter-output>
        </test-method> <!-- aftermethod -->
        <test-method is-config="true" signature="beforemethod()[pri:0, instance:TestClasses.Verifyusercanaddaddress@55141def]" started-at="2022-07-27T18:43:51 IST" name="beforemethod" finished-at="2022-07-27T18:43:51 IST" duration-ms="2" status="PASS">
          <reporter-output>
          </reporter-output>
        </test-method> <!-- beforemethod -->
        <test-method signature="verifyuserupdateaddress()[pri:1, instance:TestClasses.Verifyusercanaddaddress@55141def]" started-at="2022-07-27T18:43:51 IST" name="verifyuserupdateaddress" finished-at="2022-07-27T18:43:54 IST" duration-ms="3131" status="PASS">
          <reporter-output>
          </reporter-output>
        </test-method> <!-- verifyuserupdateaddress -->
        <test-method is-config="true" signature="aftermethod(org.testng.ITestResult)[pri:0, instance:TestClasses.Verifyusercanaddaddress@55141def]" started-at="2022-07-27T18:43:54 IST" name="aftermethod" finished-at="2022-07-27T18:43:54 IST" duration-ms="3" status="PASS">
          <params>
            <param index="0">
              <value>
                <![CDATA[[TestResult name=verifyuserupdateaddress status=SUCCESS method=Verifyusercanaddaddress.verifyuserupdateaddress()[pri:1, instance:TestClasses.Verifyusercanaddaddress@55141def] output={null}]]]>
              </value>
            </param>
          </params>
          <reporter-output>
          </reporter-output>
        </test-method> <!-- aftermethod -->
        <test-method is-config="true" signature="afterclass()[pri:0, instance:TestClasses.Verifyusercanaddaddress@55141def]" started-at="2022-07-27T18:43:54 IST" name="afterclass" finished-at="2022-07-27T18:43:55 IST" duration-ms="125" status="PASS">
          <reporter-output>
          </reporter-output>
        </test-method> <!-- afterclass -->
      </class> <!-- TestClasses.Verifyusercanaddaddress -->
      <class name="TestClasses.Verifyusercanlogin">
        <test-method is-config="true" signature="beforeclass()[pri:0, instance:TestClasses.Verifyusercanlogin@7cc0cdad]" started-at="2022-07-27T18:43:34 IST" name="beforeclass" finished-at="2022-07-27T18:43:43 IST" duration-ms="8955" status="PASS">
          <reporter-output>
          </reporter-output>
        </test-method> <!-- beforeclass -->
        <test-method is-config="true" signature="beforemethod()[pri:0, instance:TestClasses.Verifyusercanlogin@7cc0cdad]" started-at="2022-07-27T18:43:43 IST" name="beforemethod" finished-at="2022-07-27T18:43:43 IST" duration-ms="89" status="PASS">
          <reporter-output>
          </reporter-output>
        </test-method> <!-- beforemethod -->
        <test-method signature="verifyusercanlogin()[pri:0, instance:TestClasses.Verifyusercanlogin@7cc0cdad]" started-at="2022-07-27T18:43:43 IST" name="verifyusercanlogin" finished-at="2022-07-27T18:43:50 IST" duration-ms="6823" status="PASS">
          <reporter-output>
          </reporter-output>
        </test-method> <!-- verifyusercanlogin -->
        <test-method is-config="true" signature="aftermethod(org.testng.ITestResult)[pri:0, instance:TestClasses.Verifyusercanlogin@7cc0cdad]" started-at="2022-07-27T18:43:50 IST" name="aftermethod" finished-at="2022-07-27T18:43:50 IST" duration-ms="17" status="PASS">
          <params>
            <param index="0">
              <value>
                <![CDATA[[TestResult name=verifyusercanlogin status=SUCCESS method=Verifyusercanlogin.verifyusercanlogin()[pri:0, instance:TestClasses.Verifyusercanlogin@7cc0cdad] output={null}]]]>
              </value>
            </param>
          </params>
          <reporter-output>
          </reporter-output>
        </test-method> <!-- aftermethod -->
        <test-method is-config="true" signature="afterclass()[pri:0, instance:TestClasses.Verifyusercanlogin@7cc0cdad]" started-at="2022-07-27T18:43:50 IST" name="afterclass" finished-at="2022-07-27T18:43:50 IST" duration-ms="539" status="PASS">
          <reporter-output>
          </reporter-output>
        </test-method> <!-- afterclass -->
      </class> <!-- TestClasses.Verifyusercanlogin -->
    </test> <!-- Test -->
  </suite> <!-- Suite -->
</testng-results>
